<?xml version="1.0" encoding="UTF-8"?>
<testsuite xmlns:xsi="http://www.w3.org/2001/XMLSchema-instance" xsi:noNamespaceSchemaLocation="https://maven.apache.org/surefire/maven-surefire-plugin/xsd/surefire-test-report-3.0.xsd" version="3.0" name="com.bcefit.projet.infrastructure.IUserAccountRepositoryTest" time="0.002" tests="4" errors="0" skipped="0" failures="0">
  <properties>
[...]
</properties>
  <testcase name="findUserAccountsByGenreMovieSet" classname="com.bcefit.projet.infrastructure.IUserAccountRepositoryTest" time="0.0"/>
  <testcase name="findUserAccountsByGenreTvSet" classname="com.bcefit.projet.infrastructure.IUserAccountRepositoryTest" time="0.0"/>
  <testcase name="getByIdUser" classname="com.bcefit.projet.infrastructure.IUserAccountRepositoryTest" time="0.0"/>
  <testcase name="userAccountUpdate" classname="com.bcefit.projet.infrastructure.IUserAccountRepositoryTest" time="0.0"/>
</testsuite>