<?xml version="1.0" encoding="UTF-8"?>
<testsuite xmlns:xsi="http://www.w3.org/2001/XMLSchema-instance" xsi:noNamespaceSchemaLocation="https://maven.apache.org/surefire/maven-surefire-plugin/xsd/surefire-test-report-3.0.xsd" version="3.0" name="com.bcefit.projet.service.watch.WatchEpisodeServiceImplTest" time="0.003" tests="4" errors="0" skipped="0" failures="0">
  <properties>
[...]
</properties>
  <testcase name="createWatchEpisode" classname="com.bcefit.projet.service.watch.WatchEpisodeServiceImplTest" time="0.001"/>
  <testcase name="findById" classname="com.bcefit.projet.service.watch.WatchEpisodeServiceImplTest" time="0.0"/>
  <testcase name="findAllByUserAccountId" classname="com.bcefit.projet.service.watch.WatchEpisodeServiceImplTest" time="0.001"/>
  <testcase name="deleteWatchEpisode" classname="com.bcefit.projet.service.watch.WatchEpisodeServiceImplTest" time="0.0"/>
</testsuite>